Determining if the pthread_create exist failed with the following output:
Change Dir: /home/jetson1/Racecar/sim_ws/build/CMakeFiles/CMakeTmp

Run Build Command:"/usr/bin/make" "cmTC_bc502/fast"
/usr/bin/make -f CMakeFiles/cmTC_bc502.dir/build.make CMakeFiles/cmTC_bc502.dir/build
make[1]: Entering directory '/home/jetson1/Racecar/sim_ws/build/CMakeFiles/CMakeTmp'
Building C object CMakeFiles/cmTC_bc502.dir/CheckSymbolExists.c.o
/usr/bin/cc    -o CMakeFiles/cmTC_bc502.dir/CheckSymbolExists.c.o   -c /home/jetson1/Racecar/sim_ws/build/CMakeFiles/CMakeTmp/CheckSymbolExists.c
Linking C executable cmTC_bc502
/usr/bin/cmake -E cmake_link_script CMakeFiles/cmTC_bc502.dir/link.txt --verbose=1
/usr/bin/cc      -rdynamic CMakeFiles/cmTC_bc502.dir/CheckSymbolExists.c.o  -o cmTC_bc502 
CMakeFiles/cmTC_bc502.dir/CheckSymbolExists.c.o: In function `main':
CheckSymbolExists.c:(.text+0x14): undefined reference to `pthread_create'
CheckSymbolExists.c:(.text+0x18): undefined reference to `pthread_create'
collect2: error: ld returned 1 exit status
CMakeFiles/cmTC_bc502.dir/build.make:97: recipe for target 'cmTC_bc502' failed
make[1]: *** [cmTC_bc502] Error 1
make[1]: Leaving directory '/home/jetson1/Racecar/sim_ws/build/CMakeFiles/CMakeTmp'
Makefile:126: recipe for target 'cmTC_bc502/fast' failed
make: *** [cmTC_bc502/fast] Error 2

File /home/jetson1/Racecar/sim_ws/build/CMakeFiles/CMakeTmp/CheckSymbolExists.c:
/* */
#include <pthread.h>

int main(int argc, char** argv)
{
  (void)argv;
#ifndef pthread_create
  return ((int*)(&pthread_create))[argc];
#else
  (void)argc;
  return 0;
#endif
}

Determining if the function pthread_create exists in the pthreads failed with the following output:
Change Dir: /home/jetson1/Racecar/sim_ws/build/CMakeFiles/CMakeTmp

Run Build Command:"/usr/bin/make" "cmTC_49eed/fast"
/usr/bin/make -f CMakeFiles/cmTC_49eed.dir/build.make CMakeFiles/cmTC_49eed.dir/build
make[1]: Entering directory '/home/jetson1/Racecar/sim_ws/build/CMakeFiles/CMakeTmp'
Building C object CMakeFiles/cmTC_49eed.dir/CheckFunctionExists.c.o
/usr/bin/cc   -DCHECK_FUNCTION_EXISTS=pthread_create   -o CMakeFiles/cmTC_49eed.dir/CheckFunctionExists.c.o   -c /usr/share/cmake-3.10/Modules/CheckFunctionExists.c
Linking C executable cmTC_49eed
/usr/bin/cmake -E cmake_link_script CMakeFiles/cmTC_49eed.dir/link.txt --verbose=1
/usr/bin/cc  -DCHECK_FUNCTION_EXISTS=pthread_create    -rdynamic CMakeFiles/cmTC_49eed.dir/CheckFunctionExists.c.o  -o cmTC_49eed -lpthreads 
/usr/bin/ld: cannot find -lpthreads
collect2: error: ld returned 1 exit status
CMakeFiles/cmTC_49eed.dir/build.make:97: recipe for target 'cmTC_49eed' failed
make[1]: *** [cmTC_49eed] Error 1
make[1]: Leaving directory '/home/jetson1/Racecar/sim_ws/build/CMakeFiles/CMakeTmp'
Makefile:126: recipe for target 'cmTC_49eed/fast' failed
make: *** [cmTC_49eed/fast] Error 2


Determining if the Q_WS_WIN exist failed with the following output:
Change Dir: /home/jetson1/Racecar/sim_ws/build/CMakeFiles/CMakeTmp

Run Build Command:"/usr/bin/make" "cmTC_81513/fast"
/usr/bin/make -f CMakeFiles/cmTC_81513.dir/build.make CMakeFiles/cmTC_81513.dir/build
make[1]: Entering directory '/home/jetson1/Racecar/sim_ws/build/CMakeFiles/CMakeTmp'
Building CXX object CMakeFiles/cmTC_81513.dir/CheckSymbolExists.cxx.o
/usr/bin/c++   -I/usr/include/qt4   -o CMakeFiles/cmTC_81513.dir/CheckSymbolExists.cxx.o -c /home/jetson1/Racecar/sim_ws/build/CMakeFiles/CMakeTmp/CheckSymbolExists.cxx
/home/jetson1/Racecar/sim_ws/build/CMakeFiles/CMakeTmp/CheckSymbolExists.cxx: In function ‘int main(int, char**)’:
/home/jetson1/Racecar/sim_ws/build/CMakeFiles/CMakeTmp/CheckSymbolExists.cxx:8:19: error: ‘Q_WS_WIN’ was not declared in this scope
   return ((int*)(&Q_WS_WIN))[argc];
                   ^~~~~~~~
/home/jetson1/Racecar/sim_ws/build/CMakeFiles/CMakeTmp/CheckSymbolExists.cxx:8:19: note: suggested alternative: ‘Q_WS_X11’
   return ((int*)(&Q_WS_WIN))[argc];
                   ^~~~~~~~
                   Q_WS_X11
CMakeFiles/cmTC_81513.dir/build.make:65: recipe for target 'CMakeFiles/cmTC_81513.dir/CheckSymbolExists.cxx.o' failed
make[1]: *** [CMakeFiles/cmTC_81513.dir/CheckSymbolExists.cxx.o] Error 1
make[1]: Leaving directory '/home/jetson1/Racecar/sim_ws/build/CMakeFiles/CMakeTmp'
Makefile:126: recipe for target 'cmTC_81513/fast' failed
make: *** [cmTC_81513/fast] Error 2

File /home/jetson1/Racecar/sim_ws/build/CMakeFiles/CMakeTmp/CheckSymbolExists.cxx:
/* */
#include <QtCore/qglobal.h>

int main(int argc, char** argv)
{
  (void)argv;
#ifndef Q_WS_WIN
  return ((int*)(&Q_WS_WIN))[argc];
#else
  (void)argc;
  return 0;
#endif
}

Determining if the Q_WS_QWS exist failed with the following output:
Change Dir: /home/jetson1/Racecar/sim_ws/build/CMakeFiles/CMakeTmp

Run Build Command:"/usr/bin/make" "cmTC_947ae/fast"
/usr/bin/make -f CMakeFiles/cmTC_947ae.dir/build.make CMakeFiles/cmTC_947ae.dir/build
make[1]: Entering directory '/home/jetson1/Racecar/sim_ws/build/CMakeFiles/CMakeTmp'
Building CXX object CMakeFiles/cmTC_947ae.dir/CheckSymbolExists.cxx.o
/usr/bin/c++   -I/usr/include/qt4   -o CMakeFiles/cmTC_947ae.dir/CheckSymbolExists.cxx.o -c /home/jetson1/Racecar/sim_ws/build/CMakeFiles/CMakeTmp/CheckSymbolExists.cxx
/home/jetson1/Racecar/sim_ws/build/CMakeFiles/CMakeTmp/CheckSymbolExists.cxx: In function ‘int main(int, char**)’:
/home/jetson1/Racecar/sim_ws/build/CMakeFiles/CMakeTmp/CheckSymbolExists.cxx:8:19: error: ‘Q_WS_QWS’ was not declared in this scope
   return ((int*)(&Q_WS_QWS))[argc];
                   ^~~~~~~~
/home/jetson1/Racecar/sim_ws/build/CMakeFiles/CMakeTmp/CheckSymbolExists.cxx:8:19: note: suggested alternative: ‘Q_WS_X11’
   return ((int*)(&Q_WS_QWS))[argc];
                   ^~~~~~~~
                   Q_WS_X11
CMakeFiles/cmTC_947ae.dir/build.make:65: recipe for target 'CMakeFiles/cmTC_947ae.dir/CheckSymbolExists.cxx.o' failed
make[1]: *** [CMakeFiles/cmTC_947ae.dir/CheckSymbolExists.cxx.o] Error 1
make[1]: Leaving directory '/home/jetson1/Racecar/sim_ws/build/CMakeFiles/CMakeTmp'
Makefile:126: recipe for target 'cmTC_947ae/fast' failed
make: *** [cmTC_947ae/fast] Error 2

File /home/jetson1/Racecar/sim_ws/build/CMakeFiles/CMakeTmp/CheckSymbolExists.cxx:
/* */
#include <QtCore/qglobal.h>

int main(int argc, char** argv)
{
  (void)argv;
#ifndef Q_WS_QWS
  return ((int*)(&Q_WS_QWS))[argc];
#else
  (void)argc;
  return 0;
#endif
}

Determining if the Q_WS_MAC exist failed with the following output:
Change Dir: /home/jetson1/Racecar/sim_ws/build/CMakeFiles/CMakeTmp

Run Build Command:"/usr/bin/make" "cmTC_70bf2/fast"
/usr/bin/make -f CMakeFiles/cmTC_70bf2.dir/build.make CMakeFiles/cmTC_70bf2.dir/build
make[1]: Entering directory '/home/jetson1/Racecar/sim_ws/build/CMakeFiles/CMakeTmp'
Building CXX object CMakeFiles/cmTC_70bf2.dir/CheckSymbolExists.cxx.o
/usr/bin/c++   -I/usr/include/qt4   -o CMakeFiles/cmTC_70bf2.dir/CheckSymbolExists.cxx.o -c /home/jetson1/Racecar/sim_ws/build/CMakeFiles/CMakeTmp/CheckSymbolExists.cxx
/home/jetson1/Racecar/sim_ws/build/CMakeFiles/CMakeTmp/CheckSymbolExists.cxx: In function ‘int main(int, char**)’:
/home/jetson1/Racecar/sim_ws/build/CMakeFiles/CMakeTmp/CheckSymbolExists.cxx:8:19: error: ‘Q_WS_MAC’ was not declared in this scope
   return ((int*)(&Q_WS_MAC))[argc];
                   ^~~~~~~~
/home/jetson1/Racecar/sim_ws/build/CMakeFiles/CMakeTmp/CheckSymbolExists.cxx:8:19: note: suggested alternative: ‘Q_WS_X11’
   return ((int*)(&Q_WS_MAC))[argc];
                   ^~~~~~~~
                   Q_WS_X11
CMakeFiles/cmTC_70bf2.dir/build.make:65: recipe for target 'CMakeFiles/cmTC_70bf2.dir/CheckSymbolExists.cxx.o' failed
make[1]: *** [CMakeFiles/cmTC_70bf2.dir/CheckSymbolExists.cxx.o] Error 1
make[1]: Leaving directory '/home/jetson1/Racecar/sim_ws/build/CMakeFiles/CMakeTmp'
Makefile:126: recipe for target 'cmTC_70bf2/fast' failed
make: *** [cmTC_70bf2/fast] Error 2

File /home/jetson1/Racecar/sim_ws/build/CMakeFiles/CMakeTmp/CheckSymbolExists.cxx:
/* */
#include <QtCore/qglobal.h>

int main(int argc, char** argv)
{
  (void)argv;
#ifndef Q_WS_MAC
  return ((int*)(&Q_WS_MAC))[argc];
#else
  (void)argc;
  return 0;
#endif
}

